<?xml version="1.0" encoding="UTF-8"?>
<testsuite xmlns:xsi="http://www.w3.org/2001/XMLSchema-instance" xsi:noNamespaceSchemaLocation="https://maven.apache.org/surefire/maven-surefire-plugin/xsd/surefire-test-report.xsd" version="3.0.2" name="com.BOMBLAND_server.BomblandServerApplicationTests" time="7.397" tests="1" errors="0" skipped="0" failures="0">
  <properties>
[...]
</properties>
  <testcase name="contextLoads" classname="com.BOMBLAND_server.BomblandServerApplicationTests" time="2.265">
    <system-out><![CDATA[15:41:59.110 [main] INFO org.springframework.test.context.support.AnnotationConfigContextLoaderUtils -- Could not detect default configuration classes for test class [com.BOMBLAND_server.BomblandServerApplicationTests]: BomblandServerApplicationTests does not declare any static, non-private, non-final, nested classes annotated with @Configuration.
15:41:59.428 [main] INFO org.springframework.boot.test.context.SpringBootTestContextBootstrapper -- Found @SpringBootConfiguration com.BOMBLAND_server.BomblandServerApplication for test class com.BOMBLAND_server.BomblandServerApplicationTests

  .   ____          _            __ _ _
 /\\ / ___'_ __ _ _(_)_ __  __ _ \ \ \ \
( ( )\___ | '_ | '_| | '_ \/ _` | \ \ \ \
 \\/  ___)| |_)| | | | | || (_| |  ) ) ) )
  '  |____| .__|_| |_|_| |_\__, | / / / /
 =========|_|==============|___/=/_/_/_/

 :: Spring Boot ::                (v3.4.0)

2025-01-18T15:42:00.671-08:00  INFO 2376 --- [BOMBLAND_server] [           main] c.B.BomblandServerApplicationTests       : Starting BomblandServerApplicationTests using Java 17.0.9 with PID 2376 (started by Galaxy Employee in C:\Users\Galaxy Employee\IdeaProjects\BOMBLAND_server)
2025-01-18T15:42:00.679-08:00  INFO 2376 --- [BOMBLAND_server] [           main] c.B.BomblandServerApplicationTests       : No active profile set, falling back to 1 default profile: "default"
2025-01-18T15:42:03.800-08:00  INFO 2376 --- [BOMBLAND_server] [           main] c.B.BomblandServerApplicationTests       : Started BomblandServerApplicationTests in 3.914 seconds (process running for 6.576)
]]></system-out>
  </testcase>
</testsuite>