<?xml version="1.0" encoding="UTF-8"?>
<testsuite xmlns:xsi="http://www.w3.org/2001/XMLSchema-instance" xsi:noNamespaceSchemaLocation="https://maven.apache.org/surefire/maven-surefire-plugin/xsd/surefire-test-report.xsd" version="3.0.2" name="com.BOMBLAND_server.BomblandServerApplicationTests" time="3.718" tests="1" errors="0" skipped="0" failures="0">
  <properties>
[...]
</properties>
  <testcase name="contextLoads" classname="com.BOMBLAND_server.BomblandServerApplicationTests" time="1.061">
    <system-out><![CDATA[14:49:16.279 [main] INFO org.springframework.test.context.support.AnnotationConfigContextLoaderUtils -- Could not detect default configuration classes for test class [com.BOMBLAND_server.BomblandServerApplicationTests]: BomblandServerApplicationTests does not declare any static, non-private, non-final, nested classes annotated with @Configuration.
14:49:16.418 [main] INFO org.springframework.boot.test.context.SpringBootTestContextBootstrapper -- Found @SpringBootConfiguration com.BOMBLAND_server.BomblandServerApplication for test class com.BOMBLAND_server.BomblandServerApplicationTests

  .   ____          _            __ _ _
 /\\ / ___'_ __ _ _(_)_ __  __ _ \ \ \ \
( ( )\___ | '_ | '_| | '_ \/ _` | \ \ \ \
 \\/  ___)| |_)| | | | | || (_| |  ) ) ) )
  '  |____| .__|_| |_|_| |_\__, | / / / /
 =========|_|==============|___/=/_/_/_/

 :: Spring Boot ::                (v3.4.0)

2025-11-17T14:49:16.918-08:00  WARN 27712 --- [BOMBLAND_server] [           main] ory$DuplicateJsonObjectContextCustomizer : 

Found multiple occurrences of org.json.JSONObject on the class path:

	jar:file:/C:/Users/zulki/.m2/repository/com/vaadin/external/google/android-json/0.0.20131108.vaadin1/android-json-0.0.20131108.vaadin1.jar!/org/json/JSONObject.class
	jar:file:/C:/Users/zulki/.m2/repository/org/json/json/20250517/json-20250517.jar!/org/json/JSONObject.class

You may wish to exclude one of them to ensure predictable runtime behavior

2025-11-17T14:49:16.954-08:00  INFO 27712 --- [BOMBLAND_server] [           main] c.B.BomblandServerApplicationTests       : Starting BomblandServerApplicationTests using Java 21.0.8 with PID 27712 (started by zulki in C:\Users\zulki\IdeaProjects\BOMBLAND_server)
2025-11-17T14:49:16.956-08:00  INFO 27712 --- [BOMBLAND_server] [           main] c.B.BomblandServerApplicationTests       : No active profile set, falling back to 1 default profile: "default"
2025-11-17T14:49:18.728-08:00  INFO 27712 --- [BOMBLAND_server] [           main] c.B.BomblandServerApplicationTests       : Started BomblandServerApplicationTests in 2.125 seconds (process running for 3.287)
]]></system-out>
    <system-err><![CDATA[Mockito is currently self-attaching to enable the inline-mock-maker. This will no longer work in future releases of the JDK. Please add Mockito as an agent to your build what is described in Mockito's documentation: https://javadoc.io/doc/org.mockito/mockito-core/latest/org/mockito/Mockito.html#0.3
WARNING: A Java agent has been loaded dynamically (C:\Users\zulki\.m2\repository\net\bytebuddy\byte-buddy-agent\1.15.10\byte-buddy-agent-1.15.10.jar)
WARNING: If a serviceability tool is in use, please run with -XX:+EnableDynamicAgentLoading to hide this warning
WARNING: If a serviceability tool is not in use, please run with -Djdk.instrument.traceUsage for more information
WARNING: Dynamic loading of agents will be disallowed by default in a future release
]]></system-err>
  </testcase>
</testsuite>